<?xml version="1.0" encoding="UTF-8"?>
<!-- Generated by org.testng.reporters.JUnitReportReporter -->
<testsuite hostname="Anubhavs-MacBook-Air.local" failures="0" tests="1" name="test.days" time="0.006" errors="0" timestamp="2021-09-16T14:47:01 IST" skipped="0">
  <testcase classname="test.days" name="good" time="0.006"/>
  <system-out/>
</testsuite> <!-- test.days -->
