<?xml version="1.0" encoding="UTF-8"?>
<!-- Generated by org.testng.reporters.JUnitReportReporter -->
<testsuite hostname="Anubhavs-MacBook-Air.local" failures="0" tests="2" name="test.day3" time="0.008" errors="0" timestamp="2021-09-19T12:01:18 IST" skipped="0">
  <testcase classname="test.day3" name="WebloginCarloan" time="0.004"/>
  <system-out/>
  <testcase classname="test.day3" name="LoginApiCarloan" time="0.004"/>
  <system-out/>
</testsuite> <!-- test.day3 -->
