<?xml version="1.0" encoding="UTF-8"?>
<!-- Generated by org.testng.reporters.JUnitReportReporter -->
<testsuite hostname="Anubhavs-MacBook-Air.local" failures="0" tests="1" name="test.day2" time="0.001" errors="0" timestamp="2021-09-19T12:01:18 IST" skipped="0">
  <testcase classname="test.day2" name="good" time="0.001"/>
  <system-out/>
</testsuite> <!-- test.day2 -->
