<?xml version="1.0" encoding="UTF-8"?>
<!-- Generated by org.testng.reporters.JUnitReportReporter -->
<testsuite hostname="Anubhavs-MacBook-Air.local" failures="0" tests="2" name="test.day1" time="0.025" errors="0" timestamp="2021-09-19T12:01:18 IST" skipped="0">
  <testcase classname="test.day1" name="demo" time="0.001"/>
  <system-out/>
  <testcase classname="test.day1" name="bye" time="0.024"/>
  <system-out/>
</testsuite> <!-- test.day1 -->
